<?xml version="1.0" encoding="UTF-8"?>
<!-- Generated by org.testng.reporters.JUnitXMLReporter -->
<testsuite hostname="LAPTOP-0GRVN3IV" ignored="0" name="Cards" tests="3" failures="0" timestamp="2021-02-04T17:27:23 CST" time="4.06" errors="0">
  <testcase name="valid_UserCreation" time="3.226" classname="com.nancy.automation.rest_assured_test_project.UserTests"/>
  <testcase name="invalid_UserCreation" time="0.45" classname="com.nancy.automation.rest_assured_test_project.UserTests"/>
  <testcase name="retrieve_CARD" time="0.333" classname="com.nancy.automation.rest_assured_test_project.UserTests"/>
</testsuite> <!-- Cards -->
