<?xml version="1.0" encoding="UTF-8"?>
<!-- Generated by org.testng.reporters.JUnitXMLReporter -->
<testsuite hostname="LAPTOP-0GRVN3IV" ignored="0" name="ToolsQA" tests="3" failures="0" timestamp="2021-02-04T10:18:24 CST" time="4.039" errors="0">
  <testcase name="valid_UserCreation" time="3.316" classname="com.nancy.automation.rest_assured_test_project.APITests"/>
  <testcase name="invalid_UserCreation" time="0.361" classname="com.nancy.automation.rest_assured_test_project.APITests"/>
  <testcase name="retrieve_CARD" time="0.317" classname="com.nancy.automation.rest_assured_test_project.APITests"/>
</testsuite> <!-- ToolsQA -->
